DEBUG - 2026-02-11 00:07:13 --> Session: Class initialized using 'CodeIgniter\Session\Handlers\FileHandler' driver.
DEBUG - 2026-02-11 00:09:02 --> Session: Class initialized using 'CodeIgniter\Session\Handlers\FileHandler' driver.
DEBUG - 2026-02-11 00:11:42 --> Session: Class initialized using 'CodeIgniter\Session\Handlers\FileHandler' driver.
DEBUG - 2026-02-11 00:12:49 --> Session: Class initialized using 'CodeIgniter\Session\Handlers\FileHandler' driver.
DEBUG - 2026-02-11 00:19:24 --> Session: Class initialized using 'CodeIgniter\Session\Handlers\FileHandler' driver.
DEBUG - 2026-02-11 00:19:40 --> Session: Class initialized using 'CodeIgniter\Session\Handlers\FileHandler' driver.
DEBUG - 2026-02-11 00:19:41 --> Session: Class initialized using 'CodeIgniter\Session\Handlers\FileHandler' driver.
DEBUG - 2026-02-11 00:19:41 --> Session: Class initialized using 'CodeIgniter\Session\Handlers\FileHandler' driver.
DEBUG - 2026-02-11 00:19:41 --> Session: Class initialized using 'CodeIgniter\Session\Handlers\FileHandler' driver.
DEBUG - 2026-02-11 00:20:14 --> Session: Class initialized using 'CodeIgniter\Session\Handlers\FileHandler' driver.
DEBUG - 2026-02-11 00:20:14 --> Session: Class initialized using 'CodeIgniter\Session\Handlers\FileHandler' driver.
DEBUG - 2026-02-11 00:20:21 --> Session: Class initialized using 'CodeIgniter\Session\Handlers\FileHandler' driver.
DEBUG - 2026-02-11 00:20:21 --> Session: Class initialized using 'CodeIgniter\Session\Handlers\FileHandler' driver.
DEBUG - 2026-02-11 00:22:53 --> Session: Class initialized using 'CodeIgniter\Session\Handlers\FileHandler' driver.
ERROR - 2026-02-11 00:22:53 --> mysqli_sql_exception: Unknown column 'medicine_pickups.pickup_id -- Ambil ID pickup untuk' in 'field list' in C:\xampp\htdocs\Manajemen-Rumah-Sakit\system\Database\MySQLi\Connection.php:327
Stack trace:
#0 C:\xampp\htdocs\Manajemen-Rumah-Sakit\system\Database\MySQLi\Connection.php(327): mysqli->query('SELECT `prescri...', 0)
#1 C:\xampp\htdocs\Manajemen-Rumah-Sakit\system\Database\BaseConnection.php(729): CodeIgniter\Database\MySQLi\Connection->execute('SELECT `prescri...')
#2 C:\xampp\htdocs\Manajemen-Rumah-Sakit\system\Database\BaseConnection.php(646): CodeIgniter\Database\BaseConnection->simpleQuery('SELECT `prescri...')
#3 C:\xampp\htdocs\Manajemen-Rumah-Sakit\system\Database\BaseBuilder.php(1649): CodeIgniter\Database\BaseConnection->query('SELECT `prescri...', Array, false)
#4 C:\xampp\htdocs\Manajemen-Rumah-Sakit\app\Controllers\Apoteker\Apoteker.php(56): CodeIgniter\Database\BaseBuilder->get()
#5 C:\xampp\htdocs\Manajemen-Rumah-Sakit\system\CodeIgniter.php(933): App\Controllers\Apoteker\Apoteker->index()
#6 C:\xampp\htdocs\Manajemen-Rumah-Sakit\system\CodeIgniter.php(507): CodeIgniter\CodeIgniter->runController(Object(App\Controllers\Apoteker\Apoteker))
#7 C:\xampp\htdocs\Manajemen-Rumah-Sakit\system\CodeIgniter.php(354): CodeIgniter\CodeIgniter->handleRequest(NULL, Object(Config\Cache), false)
#8 C:\xampp\htdocs\Manajemen-Rumah-Sakit\system\Boot.php(363): CodeIgniter\CodeIgniter->run()
#9 C:\xampp\htdocs\Manajemen-Rumah-Sakit\system\Boot.php(68): CodeIgniter\Boot::runCodeIgniter(Object(CodeIgniter\CodeIgniter))
#10 C:\xampp\htdocs\Manajemen-Rumah-Sakit\public\index.php(59): CodeIgniter\Boot::bootWeb(Object(Config\Paths))
#11 C:\xampp\htdocs\Manajemen-Rumah-Sakit\system\rewrite.php(44): require_once('C:\\xampp\\htdocs...')
#12 {main}
CRITICAL - 2026-02-11 00:22:53 --> CodeIgniter\Database\Exceptions\DatabaseException: Unknown column 'medicine_pickups.pickup_id -- Ambil ID pickup untuk' in 'field list'
[Method: GET, Route: apoteker]
in SYSTEMPATH\Database\BaseConnection.php on line 684.
 1 SYSTEMPATH\Database\BaseBuilder.php(1649): CodeIgniter\Database\BaseConnection->query('SELECT `prescriptions`.`prescription_id`, `users`.`full_name` as `patient_name`, `medicine_pickups`.`pickup_id -- Ambil ID pickup untuk` `pengecekan`
FROM `prescriptions`
JOIN `examinations` ON `examinations`.`exam_id` = `prescriptions`.`exam_id`
JOIN `appointments` ON `appointments`.`appointment_id` = `examinations`.`appointment_id`
JOIN `patients` ON `patients`.`patient_id` = `appointments`.`patient_id`
JOIN `users` ON `users`.`user_id` = `patients`.`user_id`
JOIN `payments` ON `payments`.`appointment_id` = `appointments`.`appointment_id`
LEFT JOIN `medicine_pickups` ON `medicine_pickups`.`prescription_id` = `prescriptions`.`prescription_id`
WHERE `payments`.`payment_status` = :payments.payment_status:
AND `medicine_pickups`.`pickup_id` IS NULL', [...], false)
 2 APPPATH\Controllers\Apoteker\Apoteker.php(56): CodeIgniter\Database\BaseBuilder->get()
 3 SYSTEMPATH\CodeIgniter.php(933): App\Controllers\Apoteker\Apoteker->index()
 4 SYSTEMPATH\CodeIgniter.php(507): CodeIgniter\CodeIgniter->runController(Object(App\Controllers\Apoteker\Apoteker))
 5 SYSTEMPATH\CodeIgniter.php(354): CodeIgniter\CodeIgniter->handleRequest(null, Object(Config\Cache), false)
 6 SYSTEMPATH\Boot.php(363): CodeIgniter\CodeIgniter->run()
 7 SYSTEMPATH\Boot.php(68): CodeIgniter\Boot::runCodeIgniter(Object(CodeIgniter\CodeIgniter))
 8 FCPATH\index.php(59): CodeIgniter\Boot::bootWeb(Object(Config\Paths))
 9 SYSTEMPATH\rewrite.php(44): require_once('C:\\xampp\\htdocs\\Manajemen-Rumah-Sakit\\public\\index.php')
CRITICAL - 2026-02-11 00:22:53 --> [Caused by] CodeIgniter\Database\Exceptions\DatabaseException: Unknown column 'medicine_pickups.pickup_id -- Ambil ID pickup untuk' in 'field list'
in SYSTEMPATH\Database\MySQLi\Connection.php on line 332.
 1 SYSTEMPATH\Database\BaseConnection.php(729): CodeIgniter\Database\MySQLi\Connection->execute('SELECT `prescriptions`.`prescription_id`, `users`.`full_name` as `patient_name`, `medicine_pickups`.`pickup_id -- Ambil ID pickup untuk` `pengecekan`
FROM `prescriptions`
JOIN `examinations` ON `examinations`.`exam_id` = `prescriptions`.`exam_id`
JOIN `appointments` ON `appointments`.`appointment_id` = `examinations`.`appointment_id`
JOIN `patients` ON `patients`.`patient_id` = `appointments`.`patient_id`
JOIN `users` ON `users`.`user_id` = `patients`.`user_id`
JOIN `payments` ON `payments`.`appointment_id` = `appointments`.`appointment_id`
LEFT JOIN `medicine_pickups` ON `medicine_pickups`.`prescription_id` = `prescriptions`.`prescription_id`
WHERE `payments`.`payment_status` = \'paid\'
AND `medicine_pickups`.`pickup_id` IS NULL')
 2 SYSTEMPATH\Database\BaseConnection.php(646): CodeIgniter\Database\BaseConnection->simpleQuery('SELECT `prescriptions`.`prescription_id`, `users`.`full_name` as `patient_name`, `medicine_pickups`.`pickup_id -- Ambil ID pickup untuk` `pengecekan`
FROM `prescriptions`
JOIN `examinations` ON `examinations`.`exam_id` = `prescriptions`.`exam_id`
JOIN `appointments` ON `appointments`.`appointment_id` = `examinations`.`appointment_id`
JOIN `patients` ON `patients`.`patient_id` = `appointments`.`patient_id`
JOIN `users` ON `users`.`user_id` = `patients`.`user_id`
JOIN `payments` ON `payments`.`appointment_id` = `appointments`.`appointment_id`
LEFT JOIN `medicine_pickups` ON `medicine_pickups`.`prescription_id` = `prescriptions`.`prescription_id`
WHERE `payments`.`payment_status` = \'paid\'
AND `medicine_pickups`.`pickup_id` IS NULL')
 3 SYSTEMPATH\Database\BaseBuilder.php(1649): CodeIgniter\Database\BaseConnection->query('SELECT `prescriptions`.`prescription_id`, `users`.`full_name` as `patient_name`, `medicine_pickups`.`pickup_id -- Ambil ID pickup untuk` `pengecekan`
FROM `prescriptions`
JOIN `examinations` ON `examinations`.`exam_id` = `prescriptions`.`exam_id`
JOIN `appointments` ON `appointments`.`appointment_id` = `examinations`.`appointment_id`
JOIN `patients` ON `patients`.`patient_id` = `appointments`.`patient_id`
JOIN `users` ON `users`.`user_id` = `patients`.`user_id`
JOIN `payments` ON `payments`.`appointment_id` = `appointments`.`appointment_id`
LEFT JOIN `medicine_pickups` ON `medicine_pickups`.`prescription_id` = `prescriptions`.`prescription_id`
WHERE `payments`.`payment_status` = :payments.payment_status:
AND `medicine_pickups`.`pickup_id` IS NULL', [...], false)
 4 APPPATH\Controllers\Apoteker\Apoteker.php(56): CodeIgniter\Database\BaseBuilder->get()
 5 SYSTEMPATH\CodeIgniter.php(933): App\Controllers\Apoteker\Apoteker->index()
 6 SYSTEMPATH\CodeIgniter.php(507): CodeIgniter\CodeIgniter->runController(Object(App\Controllers\Apoteker\Apoteker))
 7 SYSTEMPATH\CodeIgniter.php(354): CodeIgniter\CodeIgniter->handleRequest(null, Object(Config\Cache), false)
 8 SYSTEMPATH\Boot.php(363): CodeIgniter\CodeIgniter->run()
 9 SYSTEMPATH\Boot.php(68): CodeIgniter\Boot::runCodeIgniter(Object(CodeIgniter\CodeIgniter))
10 FCPATH\index.php(59): CodeIgniter\Boot::bootWeb(Object(Config\Paths))
11 SYSTEMPATH\rewrite.php(44): require_once('C:\\xampp\\htdocs\\Manajemen-Rumah-Sakit\\public\\index.php')
CRITICAL - 2026-02-11 00:22:53 --> [Caused by] mysqli_sql_exception: Unknown column 'medicine_pickups.pickup_id -- Ambil ID pickup untuk' in 'field list'
in SYSTEMPATH\Database\MySQLi\Connection.php on line 327.
 1 SYSTEMPATH\Database\MySQLi\Connection.php(327): mysqli->query('SELECT `prescriptions`.`prescription_id`, `users`.`full_name` as `patient_name`, `medicine_pickups`.`pickup_id -- Ambil ID pickup untuk` `pengecekan`
FROM `prescriptions`
JOIN `examinations` ON `examinations`.`exam_id` = `prescriptions`.`exam_id`
JOIN `appointments` ON `appointments`.`appointment_id` = `examinations`.`appointment_id`
JOIN `patients` ON `patients`.`patient_id` = `appointments`.`patient_id`
JOIN `users` ON `users`.`user_id` = `patients`.`user_id`
JOIN `payments` ON `payments`.`appointment_id` = `appointments`.`appointment_id`
LEFT JOIN `medicine_pickups` ON `medicine_pickups`.`prescription_id` = `prescriptions`.`prescription_id`
WHERE `payments`.`payment_status` = \'paid\'
AND `medicine_pickups`.`pickup_id` IS NULL', 0)
 2 SYSTEMPATH\Database\BaseConnection.php(729): CodeIgniter\Database\MySQLi\Connection->execute('SELECT `prescriptions`.`prescription_id`, `users`.`full_name` as `patient_name`, `medicine_pickups`.`pickup_id -- Ambil ID pickup untuk` `pengecekan`
FROM `prescriptions`
JOIN `examinations` ON `examinations`.`exam_id` = `prescriptions`.`exam_id`
JOIN `appointments` ON `appointments`.`appointment_id` = `examinations`.`appointment_id`
JOIN `patients` ON `patients`.`patient_id` = `appointments`.`patient_id`
JOIN `users` ON `users`.`user_id` = `patients`.`user_id`
JOIN `payments` ON `payments`.`appointment_id` = `appointments`.`appointment_id`
LEFT JOIN `medicine_pickups` ON `medicine_pickups`.`prescription_id` = `prescriptions`.`prescription_id`
WHERE `payments`.`payment_status` = \'paid\'
AND `medicine_pickups`.`pickup_id` IS NULL')
 3 SYSTEMPATH\Database\BaseConnection.php(646): CodeIgniter\Database\BaseConnection->simpleQuery('SELECT `prescriptions`.`prescription_id`, `users`.`full_name` as `patient_name`, `medicine_pickups`.`pickup_id -- Ambil ID pickup untuk` `pengecekan`
FROM `prescriptions`
JOIN `examinations` ON `examinations`.`exam_id` = `prescriptions`.`exam_id`
JOIN `appointments` ON `appointments`.`appointment_id` = `examinations`.`appointment_id`
JOIN `patients` ON `patients`.`patient_id` = `appointments`.`patient_id`
JOIN `users` ON `users`.`user_id` = `patients`.`user_id`
JOIN `payments` ON `payments`.`appointment_id` = `appointments`.`appointment_id`
LEFT JOIN `medicine_pickups` ON `medicine_pickups`.`prescription_id` = `prescriptions`.`prescription_id`
WHERE `payments`.`payment_status` = \'paid\'
AND `medicine_pickups`.`pickup_id` IS NULL')
 4 SYSTEMPATH\Database\BaseBuilder.php(1649): CodeIgniter\Database\BaseConnection->query('SELECT `prescriptions`.`prescription_id`, `users`.`full_name` as `patient_name`, `medicine_pickups`.`pickup_id -- Ambil ID pickup untuk` `pengecekan`
FROM `prescriptions`
JOIN `examinations` ON `examinations`.`exam_id` = `prescriptions`.`exam_id`
JOIN `appointments` ON `appointments`.`appointment_id` = `examinations`.`appointment_id`
JOIN `patients` ON `patients`.`patient_id` = `appointments`.`patient_id`
JOIN `users` ON `users`.`user_id` = `patients`.`user_id`
JOIN `payments` ON `payments`.`appointment_id` = `appointments`.`appointment_id`
LEFT JOIN `medicine_pickups` ON `medicine_pickups`.`prescription_id` = `prescriptions`.`prescription_id`
WHERE `payments`.`payment_status` = :payments.payment_status:
AND `medicine_pickups`.`pickup_id` IS NULL', [...], false)
 5 APPPATH\Controllers\Apoteker\Apoteker.php(56): CodeIgniter\Database\BaseBuilder->get()
 6 SYSTEMPATH\CodeIgniter.php(933): App\Controllers\Apoteker\Apoteker->index()
 7 SYSTEMPATH\CodeIgniter.php(507): CodeIgniter\CodeIgniter->runController(Object(App\Controllers\Apoteker\Apoteker))
 8 SYSTEMPATH\CodeIgniter.php(354): CodeIgniter\CodeIgniter->handleRequest(null, Object(Config\Cache), false)
 9 SYSTEMPATH\Boot.php(363): CodeIgniter\CodeIgniter->run()
10 SYSTEMPATH\Boot.php(68): CodeIgniter\Boot::runCodeIgniter(Object(CodeIgniter\CodeIgniter))
11 FCPATH\index.php(59): CodeIgniter\Boot::bootWeb(Object(Config\Paths))
12 SYSTEMPATH\rewrite.php(44): require_once('C:\\xampp\\htdocs\\Manajemen-Rumah-Sakit\\public\\index.php')
DEBUG - 2026-02-11 00:23:54 --> Session: Class initialized using 'CodeIgniter\Session\Handlers\FileHandler' driver.
DEBUG - 2026-02-11 00:24:45 --> Session: Class initialized using 'CodeIgniter\Session\Handlers\FileHandler' driver.
DEBUG - 2026-02-11 00:24:45 --> Session: Class initialized using 'CodeIgniter\Session\Handlers\FileHandler' driver.
DEBUG - 2026-02-11 00:24:51 --> Session: Class initialized using 'CodeIgniter\Session\Handlers\FileHandler' driver.
DEBUG - 2026-02-11 00:24:51 --> Session: Class initialized using 'CodeIgniter\Session\Handlers\FileHandler' driver.
DEBUG - 2026-02-11 00:24:54 --> Session: Class initialized using 'CodeIgniter\Session\Handlers\FileHandler' driver.
DEBUG - 2026-02-11 00:24:56 --> Session: Class initialized using 'CodeIgniter\Session\Handlers\FileHandler' driver.
DEBUG - 2026-02-11 00:24:59 --> Session: Class initialized using 'CodeIgniter\Session\Handlers\FileHandler' driver.
DEBUG - 2026-02-11 00:25:03 --> Session: Class initialized using 'CodeIgniter\Session\Handlers\FileHandler' driver.
